E:\UTILISATEURS\TINOO\DOCUMENTS\VISUAL STUDIO 2010\PROJECTS\VIDEOPOKER\DEBUG\CARTE.OBJ
E:\Utilisateurs\TinOo\Documents\Visual Studio 2010\Projects\VIDEOPOKER\Debug\cl.command.1.tlog
E:\Utilisateurs\TinOo\Documents\Visual Studio 2010\Projects\VIDEOPOKER\Debug\CL.read.1.tlog
E:\Utilisateurs\TinOo\Documents\Visual Studio 2010\Projects\VIDEOPOKER\Debug\CL.write.1.tlog
E:\UTILISATEURS\TINOO\DOCUMENTS\VISUAL STUDIO 2010\PROJECTS\VIDEOPOKER\DEBUG\FUNCTION.OBJ
E:\Utilisateurs\TinOo\Documents\Visual Studio 2010\Projects\VIDEOPOKER\Debug\link.4448.read.1.tlog
E:\Utilisateurs\TinOo\Documents\Visual Studio 2010\Projects\VIDEOPOKER\Debug\link.4448.write.1.tlog
E:\Utilisateurs\TinOo\Documents\Visual Studio 2010\Projects\VIDEOPOKER\Debug\link.4448-cvtres.read.1.tlog
E:\Utilisateurs\TinOo\Documents\Visual Studio 2010\Projects\VIDEOPOKER\Debug\link.4448-cvtres.write.1.tlog
E:\Utilisateurs\TinOo\Documents\Visual Studio 2010\Projects\VIDEOPOKER\Debug\link.command.1.tlog
E:\Utilisateurs\TinOo\Documents\Visual Studio 2010\Projects\VIDEOPOKER\Debug\link.read.1.tlog
E:\Utilisateurs\TinOo\Documents\Visual Studio 2010\Projects\VIDEOPOKER\Debug\link.write.1.tlog
E:\Utilisateurs\TinOo\Documents\Visual Studio 2010\Projects\VIDEOPOKER\Debug\link-cvtres.read.1.tlog
E:\Utilisateurs\TinOo\Documents\Visual Studio 2010\Projects\VIDEOPOKER\Debug\link-cvtres.write.1.tlog
E:\UTILISATEURS\TINOO\DOCUMENTS\VISUAL STUDIO 2010\PROJECTS\VIDEOPOKER\DEBUG\MAIN.OBJ
E:\UTILISATEURS\TINOO\DOCUMENTS\VISUAL STUDIO 2010\PROJECTS\VIDEOPOKER\DEBUG\MSG.OBJ
E:\Utilisateurs\TinOo\Documents\Visual Studio 2010\Projects\VIDEOPOKER\Debug\mt.command.1.tlog
E:\Utilisateurs\TinOo\Documents\Visual Studio 2010\Projects\VIDEOPOKER\Debug\mt.read.1.tlog
E:\Utilisateurs\TinOo\Documents\Visual Studio 2010\Projects\VIDEOPOKER\Debug\mt.write.1.tlog
E:\Utilisateurs\TinOo\Documents\Visual Studio 2010\Projects\VIDEOPOKER\Debug\rc.command.1.tlog
E:\Utilisateurs\TinOo\Documents\Visual Studio 2010\Projects\VIDEOPOKER\Debug\rc.read.1.tlog
E:\Utilisateurs\TinOo\Documents\Visual Studio 2010\Projects\VIDEOPOKER\Debug\rc.write.1.tlog
E:\UTILISATEURS\TINOO\DOCUMENTS\VISUAL STUDIO 2010\PROJECTS\VIDEOPOKER\DEBUG\SIGNAL.OBJ
E:\Utilisateurs\TinOo\Documents\Visual Studio 2010\Projects\VIDEOPOKER\Debug\vc100.idb
E:\UTILISATEURS\TINOO\DOCUMENTS\VISUAL STUDIO 2010\PROJECTS\VIDEOPOKER\DEBUG\VC100.PDB
E:\UTILISATEURS\TINOO\DOCUMENTS\VISUAL STUDIO 2010\PROJECTS\VIDEOPOKER\DEBUG\VIDEOPOKER.EXE
E:\UTILISATEURS\TINOO\DOCUMENTS\VISUAL STUDIO 2010\PROJECTS\VIDEOPOKER\DEBUG\VIDEOPOKER.EXE.EMBED.MANIFEST
E:\UTILISATEURS\TINOO\DOCUMENTS\VISUAL STUDIO 2010\PROJECTS\VIDEOPOKER\DEBUG\VIDEOPOKER.EXE.EMBED.MANIFEST.RES
E:\UTILISATEURS\TINOO\DOCUMENTS\VISUAL STUDIO 2010\PROJECTS\VIDEOPOKER\DEBUG\VIDEOPOKER.EXE.INTERMEDIATE.MANIFEST
E:\Utilisateurs\TinOo\Documents\Visual Studio 2010\Projects\VIDEOPOKER\Debug\VideoPoker.exp
E:\UTILISATEURS\TINOO\DOCUMENTS\VISUAL STUDIO 2010\PROJECTS\VIDEOPOKER\DEBUG\VIDEOPOKER.ILK
E:\Utilisateurs\TinOo\Documents\Visual Studio 2010\Projects\VIDEOPOKER\Debug\VideoPoker.lib
E:\UTILISATEURS\TINOO\DOCUMENTS\VISUAL STUDIO 2010\PROJECTS\VIDEOPOKER\DEBUG\VIDEOPOKER.PDB
E:\Utilisateurs\TinOo\Documents\Visual Studio 2010\Projects\VIDEOPOKER\Debug\VideoPoker.write.1.tlog
E:\Utilisateurs\TinOo\Documents\Visual Studio 2010\Projects\VIDEOPOKER\Debug\VideoPoker_manifest.rc
